<?xml version="1.0" encoding="UTF-8"?>
<!-- Generated by org.testng.reporters.JUnitXMLReporter -->
<testsuite ignored="0" hostname="HP" failures="0" tests="4" name="Default test" time="66.346" errors="0" timestamp="2026-07-24T11:14:01 IST">
  <testcase classname="tests.LoginTest" name="verifyLogin" time="6.944"/>
  <testcase classname="tests.LoginTest" name="verifyLogin" time="3.751"/>
  <testcase classname="tests.LoginTest" name="verifyLogin" time="2.885"/>
  <testcase classname="tests.LoginTest" name="verifyLogin" time="3.061"/>
</testsuite> <!-- Default test -->
