<?xml version="1.0" encoding="UTF-8"?>
<!-- Generated by org.testng.reporters.JUnitXMLReporter -->
<testsuite ignored="0" hostname="HP" failures="0" tests="3" name="Regression Test" time="96.816" errors="0" timestamp="2026-07-23T18:41:40 IST">
  <testcase classname="tests.PIMTest" name="verifyAddEmployee" time="28.772"/>
  <testcase classname="tests.EditEmployeeTest" name="verifyEditEmployee" time="24.13"/>
  <testcase classname="tests.DeleteEmployeeTest" name="verifyDeleteEmployee" time="9.854"/>
</testsuite> <!-- Regression Test -->
