<?xml version="1.0" encoding="UTF-8"?>
<testng-results ignored="0" total="4" passed="4" failed="0" skipped="0">
  <reporter-output>
  </reporter-output>
  <suite started-at="2026-07-24T11:12:54 IST" name="Default suite" finished-at="2026-07-24T11:14:01 IST" duration-ms="66346">
    <groups>
    </groups>
    <test started-at="2026-07-24T11:12:54 IST" name="Default test" finished-at="2026-07-24T11:14:01 IST" duration-ms="66346">
      <class name="tests.LoginTest">
        <test-method is-config="true" signature="setup()[pri:0, instance:tests.LoginTest@44c03695]" started-at="2026-07-24T11:12:55 IST" name="setup" finished-at="2026-07-24T11:13:12 IST" duration-ms="16691" status="PASS">
          <reporter-output>
          </reporter-output>
        </test-method> <!-- setup -->
        <test-method signature="verifyLogin(java.lang.String,java.lang.String)[pri:0, instance:tests.LoginTest@44c03695]" started-at="2026-07-24T11:13:12 IST" name="verifyLogin" data-provider="loginData" finished-at="2026-07-24T11:13:19 IST" duration-ms="6944" status="PASS">
          <params>
            <param index="0">
              <value>
                <![CDATA[Admin]]>
              </value>
            </param>
            <param index="1">
              <value>
                <![CDATA[admin123]]>
              </value>
            </param>
          </params>
          <reporter-output>
          </reporter-output>
        </test-method> <!-- verifyLogin -->
        <test-method is-config="true" signature="closeall()[pri:0, instance:tests.LoginTest@44c03695]" started-at="2026-07-24T11:13:19 IST" name="closeall" finished-at="2026-07-24T11:13:19 IST" duration-ms="204" status="PASS">
          <reporter-output>
          </reporter-output>
        </test-method> <!-- closeall -->
        <test-method is-config="true" signature="setup()[pri:0, instance:tests.LoginTest@44c03695]" started-at="2026-07-24T11:13:19 IST" name="setup" finished-at="2026-07-24T11:13:31 IST" duration-ms="11693" status="PASS">
          <reporter-output>
          </reporter-output>
        </test-method> <!-- setup -->
        <test-method signature="verifyLogin(java.lang.String,java.lang.String)[pri:0, instance:tests.LoginTest@44c03695]" started-at="2026-07-24T11:13:31 IST" name="verifyLogin" data-provider="loginData" finished-at="2026-07-24T11:13:34 IST" duration-ms="3751" status="PASS">
          <params>
            <param index="0">
              <value>
                <![CDATA[Admin]]>
              </value>
            </param>
            <param index="1">
              <value>
                <![CDATA[admin12]]>
              </value>
            </param>
          </params>
          <reporter-output>
          </reporter-output>
        </test-method> <!-- verifyLogin -->
        <test-method is-config="true" signature="closeall()[pri:0, instance:tests.LoginTest@44c03695]" started-at="2026-07-24T11:13:34 IST" name="closeall" finished-at="2026-07-24T11:13:35 IST" duration-ms="163" status="PASS">
          <reporter-output>
          </reporter-output>
        </test-method> <!-- closeall -->
        <test-method is-config="true" signature="setup()[pri:0, instance:tests.LoginTest@44c03695]" started-at="2026-07-24T11:13:35 IST" name="setup" finished-at="2026-07-24T11:13:48 IST" duration-ms="13045" status="PASS">
          <reporter-output>
          </reporter-output>
        </test-method> <!-- setup -->
        <test-method signature="verifyLogin(java.lang.String,java.lang.String)[pri:0, instance:tests.LoginTest@44c03695]" started-at="2026-07-24T11:13:48 IST" name="verifyLogin" data-provider="loginData" finished-at="2026-07-24T11:13:51 IST" duration-ms="2885" status="PASS">
          <params>
            <param index="0">
              <value>
                <![CDATA[Admin1]]>
              </value>
            </param>
            <param index="1">
              <value>
                <![CDATA[admin123]]>
              </value>
            </param>
          </params>
          <reporter-output>
          </reporter-output>
        </test-method> <!-- verifyLogin -->
        <test-method is-config="true" signature="closeall()[pri:0, instance:tests.LoginTest@44c03695]" started-at="2026-07-24T11:13:51 IST" name="closeall" finished-at="2026-07-24T11:13:51 IST" duration-ms="208" status="PASS">
          <reporter-output>
          </reporter-output>
        </test-method> <!-- closeall -->
        <test-method is-config="true" signature="setup()[pri:0, instance:tests.LoginTest@44c03695]" started-at="2026-07-24T11:13:51 IST" name="setup" finished-at="2026-07-24T11:13:58 IST" duration-ms="6789" status="PASS">
          <reporter-output>
          </reporter-output>
        </test-method> <!-- setup -->
        <test-method signature="verifyLogin(java.lang.String,java.lang.String)[pri:0, instance:tests.LoginTest@44c03695]" started-at="2026-07-24T11:13:58 IST" name="verifyLogin" data-provider="loginData" finished-at="2026-07-24T11:14:01 IST" duration-ms="3061" status="PASS">
          <params>
            <param index="0">
              <value>
                <![CDATA[abc]]>
              </value>
            </param>
            <param index="1">
              <value>
                <![CDATA[xyz]]>
              </value>
            </param>
          </params>
          <reporter-output>
          </reporter-output>
        </test-method> <!-- verifyLogin -->
        <test-method is-config="true" signature="closeall()[pri:0, instance:tests.LoginTest@44c03695]" started-at="2026-07-24T11:14:01 IST" name="closeall" finished-at="2026-07-24T11:14:01 IST" duration-ms="177" status="PASS">
          <reporter-output>
          </reporter-output>
        </test-method> <!-- closeall -->
      </class> <!-- tests.LoginTest -->
    </test> <!-- Default test -->
  </suite> <!-- Default suite -->
</testng-results>
