<?xml version="1.0" encoding="UTF-8"?>
<!-- Generated by org.testng.reporters.JUnitReportReporter -->
<testsuite hostname="HP" failures="0" tests="4" name="tests.LoginTest" time="65.611" errors="0" timestamp="2026-07-24T11:14:01 IST" skipped="0">
  <testcase classname="tests.LoginTest" name="verifyLogin" time="10.013"/>
  <testcase classname="tests.LoginTest" name="verifyLogin" time="19.753"/>
  <testcase classname="tests.LoginTest" name="verifyLogin" time="17.004"/>
  <testcase classname="tests.LoginTest" name="verifyLogin" time="18.841"/>
</testsuite> <!-- tests.LoginTest -->
